<?xml version="1.0" encoding="UTF-8"?>
<coverage generated="1630430708981" clover="3.2.0">
  <project timestamp="1630430708987" name="All files">
    <metrics statements="23" coveredstatements="11" conditionals="12" coveredconditionals="2" methods="5" coveredmethods="2" elements="40" coveredelements="15" complexity="0" loc="23" ncloc="23" packages="1" files="1" classes="1"/>
    <file name="utils.js" path="C:\Users\Anys\Documents\Anys\Proyectos\burger-queenapi\REG003-burger-queen-api\utils\utils.js">
      <metrics statements="23" coveredstatements="11" conditionals="12" coveredconditionals="2" methods="5" coveredmethods="2"/>
      <line num="1" count="1" type="stmt"/>
      <line num="2" count="0" type="stmt"/>
      <line num="9" count="0" type="stmt"/>
      <line num="11" count="1" type="stmt"/>
      <line num="12" count="1" type="cond" truecount="1" falsecount="1"/>
      <line num="13" count="0" type="stmt"/>
      <line num="14" count="0" type="stmt"/>
      <line num="16" count="1" type="stmt"/>
      <line num="17" count="1" type="stmt"/>
      <line num="19" count="1" type="stmt"/>
      <line num="21" count="1" type="stmt"/>
      <line num="22" count="1" type="cond" truecount="1" falsecount="1"/>
      <line num="23" count="1" type="stmt"/>
      <line num="25" count="0" type="stmt"/>
      <line num="27" count="1" type="stmt"/>
      <line num="28" count="0" type="cond" truecount="0" falsecount="2"/>
      <line num="29" count="0" type="stmt"/>
      <line num="31" count="0" type="stmt"/>
      <line num="33" count="1" type="stmt"/>
      <line num="34" count="0" type="stmt"/>
      <line num="35" count="0" type="cond" truecount="0" falsecount="2"/>
      <line num="36" count="0" type="stmt"/>
      <line num="44" count="0" type="stmt"/>
    </file>
  </project>
</coverage>
