{"C:\\Users\\Katherinne\\Desktop\\BurguerQueenApi\\REG003-burger-queen-api\\utils\\utils.js": {"path":"C:\\Users\\Katherinne\\Desktop\\BurguerQueenApi\\REG003-burger-queen-api\\utils\\utils.js","statementMap":{"0":{"start":{"line":1,"column":0},"end":{"line":9,"column":2}},"1":{"start":{"line":2,"column":21},"end":{"line":7,"column":3}},"2":{"start":{"line":8,"column":2},"end":{"line":8,"column":20}},"3":{"start":{"line":10,"column":0},"end":{"line":17,"column":2}},"4":{"start":{"line":11,"column":2},"end":{"line":14,"column":3}},"5":{"start":{"line":12,"column":16},"end":{"line":12,"column":31}},"6":{"start":{"line":13,"column":4},"end":{"line":13,"column":15}},"7":{"start":{"line":15,"column":16},"end":{"line":15,"column":33}},"8":{"start":{"line":16,"column":2},"end":{"line":16,"column":15}},"9":{"start":{"line":18,"column":0},"end":{"line":24,"column":2}},"10":{"start":{"line":19,"column":21},"end":{"line":19,"column":135}},"11":{"start":{"line":20,"column":2},"end":{"line":22,"column":3}},"12":{"start":{"line":21,"column":4},"end":{"line":21,"column":16}},"13":{"start":{"line":23,"column":2},"end":{"line":23,"column":15}},"14":{"start":{"line":25,"column":0},"end":{"line":30,"column":2}},"15":{"start":{"line":26,"column":2},"end":{"line":28,"column":3}},"16":{"start":{"line":27,"column":4},"end":{"line":27,"column":17}},"17":{"start":{"line":29,"column":2},"end":{"line":29,"column":14}},"18":{"start":{"line":31,"column":0},"end":{"line":43,"column":2}},"19":{"start":{"line":32,"column":21},"end":{"line":32,"column":27}},"20":{"start":{"line":33,"column":2},"end":{"line":41,"column":3}},"21":{"start":{"line":34,"column":4},"end":{"line":40,"column":6}},"22":{"start":{"line":42,"column":2},"end":{"line":42,"column":22}}},"fnMap":{"0":{"name":"(anonymous_0)","decl":{"start":{"line":1,"column":28},"end":{"line":1,"column":29}},"loc":{"start":{"line":1,"column":72},"end":{"line":9,"column":1}},"line":1},"1":{"name":"(anonymous_1)","decl":{"start":{"line":10,"column":29},"end":{"line":10,"column":30}},"loc":{"start":{"line":10,"column":41},"end":{"line":17,"column":1}},"line":10},"2":{"name":"(anonymous_2)","decl":{"start":{"line":18,"column":31},"end":{"line":18,"column":32}},"loc":{"start":{"line":18,"column":42},"end":{"line":24,"column":1}},"line":18},"3":{"name":"(anonymous_3)","decl":{"start":{"line":25,"column":34},"end":{"line":25,"column":35}},"loc":{"start":{"line":25,"column":48},"end":{"line":30,"column":1}},"line":25},"4":{"name":"(anonymous_4)","decl":{"start":{"line":31,"column":29},"end":{"line":31,"column":30}},"loc":{"start":{"line":31,"column":41},"end":{"line":43,"column":1}},"line":31}},"branchMap":{"0":{"loc":{"start":{"line":4,"column":10},"end":{"line":4,"column":112}},"type":"cond-expr","locations":[{"start":{"line":4,"column":33},"end":{"line":4,"column":73}},{"start":{"line":4,"column":76},"end":{"line":4,"column":112}}],"line":4},"1":{"loc":{"start":{"line":5,"column":10},"end":{"line":5,"column":112}},"type":"cond-expr","locations":[{"start":{"line":5,"column":33},"end":{"line":5,"column":73}},{"start":{"line":5,"column":76},"end":{"line":5,"column":112}}],"line":5},"2":{"loc":{"start":{"line":11,"column":2},"end":{"line":14,"column":3}},"type":"if","locations":[{"start":{"line":11,"column":2},"end":{"line":14,"column":3}},{"start":{"line":11,"column":2},"end":{"line":14,"column":3}}],"line":11},"3":{"loc":{"start":{"line":20,"column":2},"end":{"line":22,"column":3}},"type":"if","locations":[{"start":{"line":20,"column":2},"end":{"line":22,"column":3}},{"start":{"line":20,"column":2},"end":{"line":22,"column":3}}],"line":20},"4":{"loc":{"start":{"line":26,"column":2},"end":{"line":28,"column":3}},"type":"if","locations":[{"start":{"line":26,"column":2},"end":{"line":28,"column":3}},{"start":{"line":26,"column":2},"end":{"line":28,"column":3}}],"line":26},"5":{"loc":{"start":{"line":33,"column":2},"end":{"line":41,"column":3}},"type":"if","locations":[{"start":{"line":33,"column":2},"end":{"line":41,"column":3}},{"start":{"line":33,"column":2},"end":{"line":41,"column":3}}],"line":33}},"s":{"0":1,"1":2,"2":2,"3":1,"4":2,"5":1,"6":1,"7":1,"8":1,"9":1,"10":2,"11":2,"12":1,"13":1,"14":1,"15":2,"16":1,"17":1,"18":1,"19":3,"20":3,"21":3,"22":3},"f":{"0":2,"1":2,"2":2,"3":2,"4":3},"b":{"0":[0,2],"1":[0,2],"2":[1,1],"3":[1,1],"4":[1,1],"5":[3,0]},"_coverageSchema":"1a1c01bbd47fc00a2c39e90264f33305004495a9","hash":"cb27c16a011de693d2f863027b8ac525c602cd33"}
}
