TN:
SF:utils\utils.js
FN:1,(anonymous_0)
FN:11,(anonymous_1)
FN:19,(anonymous_2)
FN:27,(anonymous_3)
FN:33,(anonymous_4)
FNF:5
FNH:5
FNDA:2,(anonymous_0)
FNDA:2,(anonymous_1)
FNDA:2,(anonymous_2)
FNDA:1,(anonymous_3)
FNDA:2,(anonymous_4)
DA:1,1
DA:2,2
DA:9,2
DA:11,1
DA:12,2
DA:13,1
DA:14,1
DA:16,1
DA:17,1
DA:19,1
DA:21,2
DA:22,2
DA:23,1
DA:25,1
DA:27,1
DA:28,1
DA:29,1
DA:31,0
DA:33,1
DA:34,2
DA:35,2
DA:36,2
DA:44,2
LF:23
LH:22
BRDA:4,0,0,0
BRDA:4,0,1,2
BRDA:5,1,0,0
BRDA:5,1,1,2
BRDA:12,2,0,1
BRDA:12,2,1,1
BRDA:22,3,0,1
BRDA:22,3,1,1
BRDA:28,4,0,1
BRDA:28,4,1,0
BRDA:35,5,0,2
BRDA:35,5,1,0
BRF:12
BRH:8
end_of_record
